<?xml version="1.0" encoding="UTF-8"?>
<testsuite xmlns:xsi="http://www.w3.org/2001/XMLSchema-instance" xsi:noNamespaceSchemaLocation="https://maven.apache.org/surefire/maven-surefire-plugin/xsd/surefire-test-report-3.0.xsd" version="3.0" name="com.phegondev.PhegonHotel.PhegonHotelApplicationTests" time="4.934" tests="1" errors="0" skipped="0" failures="0">
  <properties>
[...]
</properties>
  <testcase name="contextLoads" classname="com.phegondev.PhegonHotel.PhegonHotelApplicationTests" time="0.413">
    <system-out><![CDATA[12:47:21.870 [main] INFO org.springframework.test.context.support.AnnotationConfigContextLoaderUtils -- Could not detect default configuration classes for test class [com.phegondev.PhegonHotel.PhegonHotelApplicationTests]: PhegonHotelApplicationTests does not declare any static, non-private, non-final, nested classes annotated with @Configuration.
12:47:21.963 [main] INFO org.springframework.boot.test.context.SpringBootTestContextBootstrapper -- Found @SpringBootConfiguration com.phegondev.PhegonHotel.BookingServiceApplication for test class com.phegondev.PhegonHotel.PhegonHotelApplicationTests
  .   ____          _            __ _ _
 /\\ / ___'_ __ _ _(_)_ __  __ _ \ \ \ \
( ( )\___ | '_ | '_| | '_ \/ _` | \ \ \ \
 \\/  ___)| |_)| | | | | || (_| |  ) ) ) )
  '  |____| .__|_| |_|_| |_\__, | / / / /
 =========|_|==============|___/=/_/_/_/

 :: Spring Boot ::                (v3.3.0)

2025-05-06T12:47:22.508+07:00  INFO 227470 --- [PhegonHotel] [           main] c.p.P.PhegonHotelApplicationTests        : Starting PhegonHotelApplicationTests using Java 22 with PID 227470 (started by phu in /home/phu/API_DJANGO/phegon-hotel-booking-and-management/backend/room-service)
2025-05-06T12:47:22.510+07:00  INFO 227470 --- [PhegonHotel] [           main] c.p.P.PhegonHotelApplicationTests        : No active profile set, falling back to 1 default profile: "default"
2025-05-06T12:47:23.069+07:00  INFO 227470 --- [PhegonHotel] [           main] .s.d.r.c.RepositoryConfigurationDelegate : Bootstrapping Spring Data JPA repositories in DEFAULT mode.
2025-05-06T12:47:23.172+07:00  INFO 227470 --- [PhegonHotel] [           main] .s.d.r.c.RepositoryConfigurationDelegate : Finished Spring Data repository scanning in 96 ms. Found 3 JPA repository interfaces.
2025-05-06T12:47:23.590+07:00  INFO 227470 --- [PhegonHotel] [           main] o.hibernate.jpa.internal.util.LogHelper  : HHH000204: Processing PersistenceUnitInfo [name: default]
2025-05-06T12:47:23.651+07:00  INFO 227470 --- [PhegonHotel] [           main] org.hibernate.Version                    : HHH000412: Hibernate ORM core version 6.5.2.Final
2025-05-06T12:47:23.687+07:00  INFO 227470 --- [PhegonHotel] [           main] o.h.c.internal.RegionFactoryInitiator    : HHH000026: Second-level cache disabled
2025-05-06T12:47:23.922+07:00  INFO 227470 --- [PhegonHotel] [           main] o.s.o.j.p.SpringPersistenceUnitInfo      : No LoadTimeWeaver setup: ignoring JPA class transformer
2025-05-06T12:47:23.941+07:00  INFO 227470 --- [PhegonHotel] [           main] com.zaxxer.hikari.HikariDataSource       : HikariPool-1 - Starting...
2025-05-06T12:47:24.187+07:00  INFO 227470 --- [PhegonHotel] [           main] com.zaxxer.hikari.pool.HikariPool        : HikariPool-1 - Added connection com.mysql.cj.jdbc.ConnectionImpl@73dbe25
2025-05-06T12:47:24.188+07:00  INFO 227470 --- [PhegonHotel] [           main] com.zaxxer.hikari.HikariDataSource       : HikariPool-1 - Start completed.
2025-05-06T12:47:24.230+07:00  WARN 227470 --- [PhegonHotel] [           main] org.hibernate.orm.deprecation            : HHH90000025: MySQLDialect does not need to be specified explicitly using 'hibernate.dialect' (remove the property setting and it will be selected by default)
2025-05-06T12:47:24.929+07:00  INFO 227470 --- [PhegonHotel] [           main] o.h.e.t.j.p.i.JtaPlatformInitiator       : HHH000489: No JTA platform available (set 'hibernate.transaction.jta.platform' to enable JTA platform integration)
2025-05-06T12:47:24.980+07:00  INFO 227470 --- [PhegonHotel] [           main] j.LocalContainerEntityManagerFactoryBean : Initialized JPA EntityManagerFactory for persistence unit 'default'
2025-05-06T12:47:25.257+07:00  INFO 227470 --- [PhegonHotel] [           main] eAuthenticationProviderManagerConfigurer : Global AuthenticationManager configured with AuthenticationProvider bean with name authenticationProvider
2025-05-06T12:47:25.258+07:00  WARN 227470 --- [PhegonHotel] [           main] r$InitializeUserDetailsManagerConfigurer : Global AuthenticationManager configured with an AuthenticationProvider bean. UserDetailsService beans will not be used for username/password login. Consider removing the AuthenticationProvider bean. Alternatively, consider using the UserDetailsService in a manually instantiated DaoAuthenticationProvider.
2025-05-06T12:47:25.285+07:00  INFO 227470 --- [PhegonHotel] [           main] o.s.d.j.r.query.QueryEnhancerFactory     : Hibernate is in classpath; If applicable, HQL parser will be used.
2025-05-06T12:47:25.643+07:00  WARN 227470 --- [PhegonHotel] [           main] JpaBaseConfiguration$JpaWebConfiguration : spring.jpa.open-in-view is enabled by default. Therefore, database queries may be performed during view rendering. Explicitly configure spring.jpa.open-in-view to disable this warning
2025-05-06T12:47:25.927+07:00  INFO 227470 --- [PhegonHotel] [           main] o.s.s.web.DefaultSecurityFilterChain     : Will secure any request with [org.springframework.security.web.session.DisableEncodeUrlFilter@21df2968, org.springframework.security.web.context.request.async.WebAsyncManagerIntegrationFilter@1c7094eb, org.springframework.security.web.context.SecurityContextHolderFilter@5fcc792f, org.springframework.security.web.header.HeaderWriterFilter@c9dcfcd, org.springframework.web.filter.CorsFilter@70fdecff, org.springframework.security.web.authentication.logout.LogoutFilter@40c7cea8, com.phegondev.PhegonHotel.security.JWTAuthFilter@5cbebfba, org.springframework.security.web.authentication.UsernamePasswordAuthenticationFilter@21b4a7d, org.springframework.security.web.authentication.ui.DefaultLoginPageGeneratingFilter@5d4f35cb, org.springframework.security.web.authentication.ui.DefaultLogoutPageGeneratingFilter@7a6cab6f, org.springframework.security.web.authentication.www.BasicAuthenticationFilter@680aa303, org.springframework.security.web.savedrequest.RequestCacheAwareFilter@1fae279e, org.springframework.security.web.servletapi.SecurityContextHolderAwareRequestFilter@7d24bd80, org.springframework.security.web.authentication.AnonymousAuthenticationFilter@22a05923, org.springframework.security.web.session.SessionManagementFilter@201ac0ef, org.springframework.security.web.access.ExceptionTranslationFilter@5ec2462, org.springframework.security.web.access.intercept.AuthorizationFilter@a538180]
2025-05-06T12:47:26.215+07:00  INFO 227470 --- [PhegonHotel] [           main] c.p.P.PhegonHotelApplicationTests        : Started PhegonHotelApplicationTests in 4.119 seconds (process running for 4.905)
]]></system-out>
    <system-err><![CDATA[WARNING: A Java agent has been loaded dynamically (/home/phu/.m2/repository/net/bytebuddy/byte-buddy-agent/1.14.16/byte-buddy-agent-1.14.16.jar)
WARNING: If a serviceability tool is in use, please run with -XX:+EnableDynamicAgentLoading to hide this warning
WARNING: If a serviceability tool is not in use, please run with -Djdk.instrument.traceUsage for more information
WARNING: Dynamic loading of agents will be disallowed by default in a future release
]]></system-err>
  </testcase>
</testsuite>